<?xml version="1.0" encoding="UTF-8"?>
<!-- Generated by org.testng.reporters.JUnitReportReporter -->
<testsuite hostname="DESKTOP-UU02OJS" failures="0" tests="1" name="com.lms.qa.testcases.LandingPageTest" time="24.199" errors="0" timestamp="2025-05-12T13:30:02 IST" skipped="0">
  <testcase classname="com.lms.qa.testcases.LandingPageTest" name="verifySearch_withValidProducts" time="24.199"/>
</testsuite> <!-- com.lms.qa.testcases.LandingPageTest -->
