<?xml version="1.0" encoding="UTF-8"?>
<!-- Generated by org.testng.reporters.JUnitReportReporter -->
<testsuite hostname="DESKTOP-UU02OJS" failures="0" tests="2" name="com.lms.qa.testcases.LoginPageTest" time="18.069" errors="0" timestamp="2025-05-12T13:27:38 IST" skipped="1">
  <testcase classname="com.lms.qa.testcases.LoginPageTest" name="Verify_LoginWith_InValidpassword" time="18.069"/>
  <testcase classname="com.lms.qa.testcases.LoginPageTest" name="Verify_LoginWith_ValidCredentials_Simpleway">
    <skipped/>
  </testcase> <!-- Verify_LoginWith_ValidCredentials_Simpleway -->
</testsuite> <!-- com.lms.qa.testcases.LoginPageTest -->
